[2010/8/11 10:58:19]:(PLS)加载插件:DLLManager
[2010/8/11 10:58:19]:(PLS)加载插件:NetworkMessage
[2010/8/11 10:58:20]:与SST服务器验证完成！
[2010/8/11 10:58:21]:升级类启动...
[2010/8/11 10:58:21]:开始检查新版本程序...
[2010/8/11 10:58:21]:初始化线程完毕！
[2010/8/11 10:58:24]:版本:本地 7.13.2 远程 7.13.2
[2010/8/11 10:58:24]:已经是新版本，检查结束。
[2010/8/11 11:01:45]:程序退出...


[2011/1/23 0:56:04]:(PLS)加载插件:DLLManager
[2011/1/23 0:56:04]:(PLS)加载插件:NetworkMessage
[2011/1/23 0:56:04]:初始化线程启动...
[2011/1/23 0:56:05]:与SST服务器验证完成！
[2011/1/23 0:56:06]:升级类启动...
[2011/1/23 0:56:06]:开始检查新版本程序...
[2011/1/23 0:56:07]:初始化线程完毕！
[2011/1/23 0:56:10]:版本:本地 7.13.2 远程 7.13.2
[2011/1/23 0:56:10]:已经是新版本，检查结束。
[2011/1/23 0:56:31]:服务事件：w3svc 不能 停止
[2011/1/23 0:56:32]:服务事件：w3svc 不能 停止
[2011/1/23 0:56:35]:服务事件：w3svc 不能 停止
[2011/1/23 0:56:38]:服务事件：w3svc 不能 停止
[2011/1/23 0:56:40]:服务事件：w3svc 不能 停止
[2011/1/23 0:57:51]:(PLS)加载插件:DLLManager
[2011/1/23 0:57:51]:(PLS)加载插件:NetworkMessage
[2011/1/23 0:57:51]:初始化线程启动...
[2011/1/23 0:57:53]:升级类启动...
[2011/1/23 0:57:53]:开始检查新版本程序...
[2011/1/23 0:57:53]:初始化线程完毕！
[2011/1/23 0:57:53]:与SST服务器验证完成！
[2011/1/23 0:57:56]:版本:本地 7.13.2 远程 7.13.2
[2011/1/23 0:57:56]:已经是新版本，检查结束。
[2011/1/23 0:59:47]:与SST服务器验证完成！
[2011/1/23 0:59:57]:与SST服务器验证完成！
[2011/1/23 1:01:36]:开始下载360流氓服务(krnl360svc)免疫工具...
[2011/1/23 1:01:36]:完成下载360流氓服务(krnl360svc)免疫工具！
[2011/1/23 1:01:45]:开始下载防IIS分号、ASP目录漏洞Rewrite规则...
[2011/1/23 1:01:46]:完成下载防IIS分号、ASP目录漏洞Rewrite规则！
[2011/1/23 1:01:57]:开始下载360流氓服务(krnl360svc)免疫工具...
[2011/1/23 1:01:57]:完成下载360流氓服务(krnl360svc)免疫工具！
[2011/1/23 1:02:01]:开始下载360安全卫士...
[2011/1/23 1:02:18]:取消下载360安全卫士！
[2011/1/23 1:03:21]:程序退出...


[2011/1/23 1:03:24]:(PLS)加载插件:DLLManager
[2011/1/23 1:03:24]:(PLS)加载插件:NetworkMessage
[2011/1/23 1:03:24]:初始化线程启动...
[2011/1/23 1:03:26]:升级类启动...
[2011/1/23 1:03:26]:开始检查新版本程序...
[2011/1/23 1:03:26]:初始化线程完毕！
[2011/1/23 1:03:26]:与SST服务器验证完成！
[2011/1/23 1:03:29]:版本:本地 7.13.2 远程 7.13.2
[2011/1/23 1:03:29]:已经是新版本，检查结束。
[2011/1/23 1:11:11]:程序退出...


[2011/1/23 1:11:15]:(PLS)加载插件:DLLManager
[2011/1/23 1:11:15]:(PLS)加载插件:NetworkMessage
[2011/1/23 1:11:15]:初始化线程启动...
[2011/1/23 1:11:16]:程序退出...


[2011/4/7 14:36:27]:与SST服务器验证完成！
[2011/4/7 14:36:34]:(PLS)加载插件:DLLManager
[2011/4/7 14:36:34]:(PLS)加载插件:NetworkMessage
[2011/4/7 14:36:34]:初始化线程启动...
[2011/4/7 14:36:37]:升级类启动...
[2011/4/7 14:36:37]:开始检查新版本程序...
[2011/4/7 14:36:37]:初始化线程完毕！
[2011/4/7 14:36:40]:版本:本地 7.13.2 远程 7.13.2
[2011/4/7 14:36:40]:已经是新版本，检查结束。
[2011/4/7 14:37:20]:程序退出...


[2011/4/7 14:37:20]:程序退出...


[2011/4/8 20:33:00]:与SST服务器验证完成！
[2011/4/8 20:33:02]:(PLS)加载插件:DLLManager
[2011/4/8 20:33:02]:(PLS)加载插件:NetworkMessage
[2011/4/8 20:33:05]:升级类启动...
[2011/4/8 20:33:05]:开始检查新版本程序...
[2011/4/8 20:33:05]:初始化线程完毕！
[2011/4/8 20:33:08]:版本:本地 7.13.2 远程 7.13.2
[2011/4/8 20:33:08]:已经是新版本，检查结束。
[2011/4/8 20:44:41]:(PLS)加载插件:DLLManager
[2011/4/8 20:44:41]:(PLS)加载插件:NetworkMessage
[2011/4/8 20:44:41]:初始化线程启动...
[2011/4/8 20:44:43]:升级类启动...
[2011/4/8 20:44:43]:开始检查新版本程序...
[2011/4/8 20:44:43]:初始化线程完毕！
[2011/4/8 20:44:44]:与SST服务器验证完成！
[2011/4/8 20:44:46]:版本:本地 7.13.2 远程 7.13.2
[2011/4/8 20:44:46]:已经是新版本，检查结束。
[2011/4/8 20:45:11]:(PLS)加载插件:DLLManager
[2011/4/8 20:45:11]:(PLS)加载插件:NetworkMessage
[2011/4/8 20:45:11]:初始化线程启动...
[2011/4/8 20:45:13]:升级类启动...
[2011/4/8 20:45:13]:开始检查新版本程序...
[2011/4/8 20:45:13]:初始化线程完毕！
[2011/4/8 20:45:13]:与SST服务器验证完成！
[2011/4/8 20:45:16]:版本:本地 7.13.2 远程 7.13.2
[2011/4/8 20:45:16]:已经是新版本，检查结束。
[2011/4/8 21:01:08]:程序退出...


[2011/4/8 21:01:08]:程序退出...


[2011/4/8 21:01:08]:程序退出...


[2011/9/30 3:45:55]:与SST服务器验证完成！
[2011/9/30 3:45:56]:(PLS)加载插件:DLLManager
[2011/9/30 3:45:56]:(PLS)加载插件:NetworkMessage
[2011/9/30 3:45:56]:初始化线程启动...
[2011/9/30 3:46:00]:升级类启动...
[2011/9/30 3:46:00]:开始检查新版本程序...
[2011/9/30 3:46:00]:初始化线程完毕！
[2011/9/30 3:46:03]:版本:本地 7.13.2 远程 7.13.2
[2011/9/30 3:46:03]:已经是新版本，检查结束。
[2011/9/30 3:46:12]:开始下载360安全卫士...
[2011/9/30 3:46:22]:取消下载360安全卫士！
[2011/9/30 3:46:55]:程序退出...


[2011/10/16 23:53:15]:与SST服务器验证完成！
[2011/10/16 23:53:17]:(PLS)加载插件:DLLManager
[2011/10/16 23:53:17]:(PLS)加载插件:NetworkMessage
[2011/10/16 23:53:17]:初始化线程启动...
[2011/10/16 23:53:23]:升级类启动...
[2011/10/16 23:53:23]:开始检查新版本程序...
[2011/10/16 23:53:23]:初始化线程完毕！
[2011/10/16 23:53:26]:版本:本地 7.14 远程 7.14
[2011/10/16 23:53:26]:已经是新版本，检查结束。
[2011/10/16 23:55:30]:(PLS)加载插件:DLLManager
[2011/10/16 23:55:30]:(PLS)加载插件:NetworkMessage
[2011/10/16 23:55:30]:初始化线程启动...
[2011/10/16 23:55:31]:与SST服务器验证完成！
[2011/10/16 23:55:32]:升级类启动...
[2011/10/16 23:55:32]:初始化线程完毕！
[2011/10/16 23:55:32]:开始检查新版本程序...
[2011/10/16 23:55:35]:版本:本地 7.14 远程 7.14
[2011/10/16 23:55:35]:已经是新版本，检查结束。
[2011/10/16 23:58:18]:(PLS)加载插件:DLLManager
[2011/10/16 23:58:19]:(PLS)加载插件:NetworkMessage
[2011/10/16 23:58:19]:初始化线程启动...
[2011/10/16 23:58:20]:与SST服务器验证完成！
[2011/10/16 23:58:21]:升级类启动...
[2011/10/16 23:58:21]:初始化线程完毕！
[2011/10/16 23:58:21]:开始检查新版本程序...
[2011/10/16 23:58:24]:版本:本地 7.14 远程 7.14
[2011/10/16 23:58:24]:已经是新版本，检查结束。
[2011/10/17 0:01:11]:(PLS)加载插件:DLLManager
[2011/10/17 0:01:11]:(PLS)加载插件:NetworkMessage
[2011/10/17 0:01:11]:初始化线程启动...
[2011/10/17 0:01:12]:与SST服务器验证完成！
[2011/10/17 0:01:13]:升级类启动...
[2011/10/17 0:01:13]:开始检查新版本程序...
[2011/10/17 0:01:13]:初始化线程完毕！
[2011/10/17 0:01:16]:版本:本地 7.14 远程 7.14
[2011/10/17 0:01:16]:已经是新版本，检查结束。
[2011/10/17 0:02:08]:(PLS)加载插件:DLLManager
[2011/10/17 0:02:08]:(PLS)加载插件:NetworkMessage
[2011/10/17 0:02:08]:初始化线程启动...
[2011/10/17 0:02:10]:与SST服务器验证完成！
[2011/10/17 0:02:10]:升级类启动...
[2011/10/17 0:02:10]:开始检查新版本程序...
[2011/10/17 0:02:10]:初始化线程完毕！
[2011/10/17 0:02:13]:版本:本地 7.14 远程 7.14
[2011/10/17 0:02:13]:已经是新版本，检查结束。
[2011/10/17 0:11:00]:(PLS)加载插件:DLLManager
[2011/10/17 0:11:00]:(PLS)加载插件:NetworkMessage
[2011/10/17 0:11:00]:初始化线程启动...
[2011/10/17 0:11:01]:与SST服务器验证完成！
[2011/10/17 0:11:02]:升级类启动...
[2011/10/17 0:11:02]:开始检查新版本程序...
[2011/10/17 0:11:02]:初始化线程完毕！
[2011/10/17 0:11:05]:版本:本地 7.14 远程 7.14
[2011/10/17 0:11:05]:已经是新版本，检查结束。
[2011/10/17 0:11:59]:(PLS)加载插件:DLLManager
[2011/10/17 0:11:59]:(PLS)加载插件:NetworkMessage
[2011/10/17 0:11:59]:初始化线程启动...
[2011/10/17 0:12:00]:与SST服务器验证完成！
[2011/10/17 0:12:01]:升级类启动...
[2011/10/17 0:12:01]:开始检查新版本程序...
[2011/10/17 0:12:01]:初始化线程完毕！
[2011/10/17 0:12:04]:版本:本地 7.14 远程 7.14
[2011/10/17 0:12:04]:已经是新版本，检查结束。
[2011/10/17 0:13:19]:(PLS)加载插件:DLLManager
[2011/10/17 0:13:19]:(PLS)加载插件:NetworkMessage
[2011/10/17 0:13:19]:初始化线程启动...
[2011/10/17 0:13:21]:与SST服务器验证完成！
[2011/10/17 0:13:21]:升级类启动...
[2011/10/17 0:13:21]:开始检查新版本程序...
[2011/10/17 0:13:21]:初始化线程完毕！
[2011/10/17 0:13:24]:版本:本地 7.14 远程 7.14
[2011/10/17 0:13:24]:已经是新版本，检查结束。
[2011/10/17 0:16:11]:(PLS)加载插件:DLLManager
[2011/10/17 0:16:11]:(PLS)加载插件:NetworkMessage
[2011/10/17 0:16:11]:初始化线程启动...
[2011/10/17 0:16:13]:与SST服务器验证完成！
[2011/10/17 0:16:13]:升级类启动...
[2011/10/17 0:16:13]:开始检查新版本程序...
[2011/10/17 0:16:13]:初始化线程完毕！
[2011/10/17 0:16:16]:版本:本地 7.14 远程 7.14
[2011/10/17 0:16:16]:已经是新版本，检查结束。
[2011/10/17 0:19:21]:程序退出...


[2011/12/5 0:27:57]:与SST服务器验证完成！
[2011/12/5 0:27:57]:(PLS)加载插件:DLLManager
[2011/12/5 0:27:57]:(PLS)加载插件:NetworkMessage
[2011/12/5 0:27:57]:初始化线程启动...
[2011/12/5 0:28:02]:升级类启动...
[2011/12/5 0:28:02]:开始检查新版本程序...
[2011/12/5 0:28:02]:初始化线程完毕！
[2011/12/5 0:28:05]:版本:本地 7.14 远程 7.14
[2011/12/5 0:28:05]:已经是新版本，检查结束。
[2011/12/5 0:28:58]:程序退出...


[2011/12/5 0:29:04]:(PLS)加载插件:DLLManager
[2011/12/5 0:29:04]:初始化线程启动...
[2011/12/5 0:29:06]:与SST服务器验证完成！
[2011/12/5 0:29:06]:升级类启动...
[2011/12/5 0:29:06]:开始检查新版本程序...
[2011/12/5 0:29:06]:初始化线程完毕！
[2011/12/5 0:29:09]:版本:本地 7.14 远程 7.14
[2011/12/5 0:29:09]:已经是新版本，检查结束。
[2011/12/5 0:30:07]:程序退出...


[2011/12/5 0:31:01]:(PLS)加载插件:DLLManager
[2011/12/5 0:31:01]:(PLS)加载插件:NetworkMessage
[2011/12/5 0:31:01]:初始化线程启动...
[2011/12/5 0:31:03]:与SST服务器验证完成！
[2011/12/5 0:31:03]:升级类启动...
[2011/12/5 0:31:03]:开始检查新版本程序...
[2011/12/5 0:31:03]:初始化线程完毕！
[2011/12/5 0:31:06]:版本:本地 7.14 远程 7.14
[2011/12/5 0:31:06]:已经是新版本，检查结束。
[2011/12/5 0:32:21]:程序退出...


[2011/12/5 0:32:26]:(PLS)加载插件:DLLManager
[2011/12/5 0:32:26]:(PLS)加载插件:NetworkMessage
[2011/12/5 0:32:26]:初始化线程启动...
[2011/12/5 0:32:28]:与SST服务器验证完成！
[2011/12/5 0:32:28]:升级类启动...
[2011/12/5 0:32:28]:开始检查新版本程序...
[2011/12/5 0:32:28]:初始化线程完毕！
[2011/12/5 0:32:31]:版本:本地 7.14 远程 7.14
[2011/12/5 0:32:31]:已经是新版本，检查结束。
[2011/12/5 0:32:46]:程序退出...


[2011/12/5 0:34:34]:(PLS)加载插件:DLLManager
[2011/12/5 0:34:34]:(PLS)加载插件:NetworkMessage
[2011/12/5 0:34:34]:初始化线程启动...
[2011/12/5 0:34:36]:与SST服务器验证完成！
[2011/12/5 0:34:36]:升级类启动...
[2011/12/5 0:34:36]:开始检查新版本程序...
[2011/12/5 0:34:36]:初始化线程完毕！
[2011/12/5 0:34:39]:版本:本地 7.14 远程 7.14
[2011/12/5 0:34:39]:已经是新版本，检查结束。
[2011/12/5 0:34:43]:程序退出...


[2012/4/3 17:29:23]:(PLS)加载插件:DLLManager
[2012/4/3 17:29:23]:(PLS)加载插件:NetworkMessage
[2012/4/3 17:29:23]:初始化线程启动...
[2012/4/3 17:29:25]:升级类启动...
[2012/4/3 17:29:25]:初始化线程完毕！
[2012/4/3 17:29:25]:开始检查新版本程序...
[2012/4/3 17:29:28]:版本:本地 7.14 远程 7.14
[2012/4/3 17:29:28]:已经是新版本，检查结束。
[2012/4/3 17:30:11]:程序退出...


[2012/4/30 0:13:41]:与SST服务器验证完成！
[2012/4/30 0:13:45]:(PLS)加载插件:DLLManager
[2012/4/30 0:13:45]:(PLS)加载插件:NetworkMessage
[2012/4/30 0:13:45]:初始化线程启动...
[2012/4/30 0:13:47]:升级类启动...
[2012/4/30 0:13:47]:初始化线程完毕！
[2012/4/30 0:13:47]:开始检查新版本程序...
[2012/4/30 0:13:50]:版本:本地 7.17 远程 7.17
[2012/4/30 0:13:50]:已经是新版本，检查结束。
[2012/4/30 0:15:25]:程序退出...


[2012/5/20 1:57:55]:(PLS)加载插件:DLLManager
[2012/5/20 1:57:55]:(PLS)加载插件:NetworkMessage
[2012/5/20 1:57:55]:初始化线程启动...
[2012/5/20 1:57:57]:升级类启动...
[2012/5/20 1:57:57]:初始化线程完毕！
[2012/5/20 1:57:57]:开始检查新版本程序...
[2012/5/20 1:57:57]:与SST服务器验证完成！
[2012/5/20 1:57:59]:程序退出...


[2012/5/20 1:58:00]:版本:本地 7.17 远程 
[2012/5/20 1:58:00]:检查失败，检查结束。
[2012/5/27 1:14:09]:(PLS)加载插件:DLLManager
[2012/5/27 1:14:09]:(PLS)加载插件:NetworkMessage
[2012/5/27 1:14:09]:初始化线程启动...
[2012/5/27 1:14:11]:与SST服务器验证完成！
[2012/5/27 1:14:11]:升级类启动...
[2012/5/27 1:14:11]:初始化线程完毕！
[2012/5/27 1:14:11]:开始检查新版本程序...
[2012/5/27 1:14:14]:版本:本地 7.17 远程 7.17
[2012/5/27 1:14:14]:已经是新版本，检查结束。
[2012/5/27 1:50:46]:程序退出...


[2012/5/27 2:56:50]:(PLS)加载插件:DLLManager
[2012/5/27 2:56:50]:(PLS)加载插件:NetworkMessage
[2012/5/27 2:56:50]:初始化线程启动...
[2012/5/27 2:56:52]:升级类启动...
[2012/5/27 2:56:52]:初始化线程完毕！
[2012/5/27 2:56:52]:开始检查新版本程序...
[2012/5/27 2:56:55]:版本:本地 7.17 远程 7.17
[2012/5/27 2:56:55]:已经是新版本，检查结束。
[2012/5/27 4:22:39]:程序退出...


[2013/7/20 13:46:03]:(PLS)加载插件:DLLManager
[2013/7/20 13:46:03]:(PLS)加载插件:NetworkMessage
[2013/7/20 13:46:05]:升级类启动...
[2013/7/20 13:46:05]:初始化线程完毕！
[2013/7/20 13:46:05]:开始检查新版本程序...
[2013/7/20 13:46:05]:与SST服务器验证完成！
[2013/7/20 13:46:30]:(PLS)加载插件:DLLManager
[2013/7/20 13:46:30]:(PLS)加载插件:NetworkMessage
[2013/7/20 13:46:30]:初始化线程启动...
[2013/7/20 13:46:32]:升级类启动...
[2013/7/20 13:46:32]:初始化线程完毕！
[2013/7/20 13:46:32]:开始检查新版本程序...
[2013/7/20 13:46:33]:与SST服务器验证完成！
[2013/7/20 13:46:40]:(PLS)加载插件:DLLManager
[2013/7/20 13:46:40]:(PLS)加载插件:NetworkMessage
[2013/7/20 13:46:40]:初始化线程启动...
[2013/7/20 13:46:42]:升级类启动...
[2013/7/20 13:46:42]:初始化线程完毕！
[2013/7/20 13:46:42]:开始检查新版本程序...
[2013/7/20 13:46:42]:与SST服务器验证完成！
[2013/7/20 13:46:45]:版本:本地 8.0 远程 8.0
[2013/7/20 13:46:45]:已经是新版本，检查结束。
[2013/7/20 13:48:24]:(PLS)加载插件:DLLManager
[2013/7/20 13:48:24]:(PLS)加载插件:NetworkMessage
[2013/7/20 13:48:24]:初始化线程启动...
[2013/7/20 13:48:26]:升级类启动...
[2013/7/20 13:48:26]:初始化线程完毕！
[2013/7/20 13:48:26]:开始检查新版本程序...
[2013/7/20 13:48:27]:与SST服务器验证完成！
[2013/7/20 13:49:09]:(PLS)加载插件:DLLManager
[2013/7/20 13:49:09]:(PLS)加载插件:NetworkMessage
[2013/7/20 13:49:09]:初始化线程启动...
[2013/7/20 13:49:11]:升级类启动...
[2013/7/20 13:49:11]:初始化线程完毕！
[2013/7/20 13:49:11]:开始检查新版本程序...
[2013/7/20 13:49:11]:与SST服务器验证完成！
[2013/7/20 13:49:14]:程序退出...


[2013/7/20 13:49:14]:版本:本地 8.0 远程 
[2013/7/20 13:49:14]:检查失败，检查结束。
[2013/7/20 13:49:30]:(PLS)加载插件:DLLManager
[2013/7/20 13:49:30]:(PLS)加载插件:NetworkMessage
[2013/7/20 13:49:30]:初始化线程启动...
[2013/7/20 13:49:32]:升级类启动...
[2013/7/20 13:49:32]:初始化线程完毕！
[2013/7/20 13:49:32]:开始检查新版本程序...
[2013/7/20 13:49:33]:与SST服务器验证完成！
[2013/7/20 13:49:35]:版本:本地 8.0 远程 8.0
[2013/7/20 13:49:35]:已经是新版本，检查结束。
[2013/7/20 13:49:49]:程序退出...


[2013/7/20 13:50:51]:(PLS)加载插件:DLLManager
[2013/7/20 13:50:51]:(PLS)加载插件:NetworkMessage
[2013/7/20 13:50:51]:初始化线程启动...
[2013/7/20 13:50:53]:升级类启动...
[2013/7/20 13:50:53]:初始化线程完毕！
[2013/7/20 13:50:53]:开始检查新版本程序...
[2013/7/20 13:50:53]:与SST服务器验证完成！
[2013/7/20 13:51:01]:版本:本地 8.0 远程 8.0
[2013/7/20 13:51:02]:已经是新版本，检查结束。
[2013/7/20 13:51:05]:程序退出...


[2013/7/20 13:51:51]:(PLS)加载插件:DLLManager
[2013/7/20 13:51:51]:(PLS)加载插件:NetworkMessage
[2013/7/20 13:51:51]:初始化线程启动...
[2013/7/20 13:51:53]:升级类启动...
[2013/7/20 13:51:53]:初始化线程完毕！
[2013/7/20 13:51:53]:开始检查新版本程序...
[2013/7/20 13:51:53]:与SST服务器验证完成！
[2013/7/20 13:51:56]:版本:本地 8.0 远程 8.0
[2013/7/20 13:51:56]:已经是新版本，检查结束。
[2013/7/20 13:52:08]:程序退出...


[2013/7/20 13:53:21]:(PLS)加载插件:DLLManager
[2013/7/20 13:53:21]:(PLS)加载插件:NetworkMessage
[2013/7/20 13:53:21]:初始化线程启动...
[2013/7/20 13:53:23]:升级类启动...
[2013/7/20 13:53:23]:初始化线程完毕！
[2013/7/20 13:53:23]:开始检查新版本程序...
[2013/7/20 13:53:23]:与SST服务器验证完成！
[2013/7/20 13:53:26]:版本:本地 8.0 远程 8.0
[2013/7/20 13:53:26]:已经是新版本，检查结束。
[2013/7/20 13:53:34]:程序退出...


